0 info it worked if it ends with ok
1 verbose cli [ '/usr/bin/node', '/usr/bin/npm', 'install', 'hapi-server' ]
2 info using npm@1.4.28
3 info using node@v0.10.33
4 verbose node symlink /usr/bin/node
5 warn package.json Skillender@1.0.0 No repository field.
6 warn package.json Skillender@1.0.0 No README data
7 verbose readDependencies using package.json deps
8 verbose cache add [ 'hapi-server', null ]
9 verbose cache add name=undefined spec="hapi-server" args=["hapi-server",null]
10 verbose parsed url { protocol: null,
10 verbose parsed url   slashes: null,
10 verbose parsed url   auth: null,
10 verbose parsed url   host: null,
10 verbose parsed url   port: null,
10 verbose parsed url   hostname: null,
10 verbose parsed url   hash: null,
10 verbose parsed url   search: null,
10 verbose parsed url   query: null,
10 verbose parsed url   pathname: 'hapi-server',
10 verbose parsed url   path: 'hapi-server',
10 verbose parsed url   href: 'hapi-server' }
11 silly lockFile a6c13a14-hapi-server hapi-server
12 verbose lock hapi-server /home/vishesh/.npm/a6c13a14-hapi-server.lock
13 silly lockFile a6c13a14-hapi-server hapi-server
14 silly lockFile a6c13a14-hapi-server hapi-server
15 verbose addNamed [ 'hapi-server', '' ]
16 verbose addNamed [ null, '*' ]
17 silly lockFile f82f3cee-hapi-server hapi-server@
18 verbose lock hapi-server@ /home/vishesh/.npm/f82f3cee-hapi-server.lock
19 silly addNameRange { name: 'hapi-server', range: '*', hasData: false }
20 verbose request where is /hapi-server
21 verbose request registry https://registry.npmjs.org/
22 verbose request id b29df883ba0834f4
23 verbose url raw /hapi-server
24 verbose url resolving [ 'https://registry.npmjs.org/', './hapi-server' ]
25 verbose url resolved https://registry.npmjs.org/hapi-server
26 verbose request where is https://registry.npmjs.org/hapi-server
27 info trying registry request attempt 1 at 08:49:09
28 http GET https://registry.npmjs.org/hapi-server
29 http 404 https://registry.npmjs.org/hapi-server
30 silly registry.get cb [ 404,
30 silly registry.get   { date: 'Sat, 20 Dec 2014 03:19:11 GMT',
30 silly registry.get     server: 'CouchDB/1.5.0 (Erlang OTP/R16B03)',
30 silly registry.get     etag: '"BZCQH7OYB14Y680X8C7FVJME6"',
30 silly registry.get     'content-type': 'application/json',
30 silly registry.get     'cache-control': 'max-age=0',
30 silly registry.get     'content-length': '444',
30 silly registry.get     'accept-ranges': 'bytes',
30 silly registry.get     via: '1.1 varnish',
30 silly registry.get     age: '0',
30 silly registry.get     'x-served-by': 'cache-sn88-SIN',
30 silly registry.get     'x-cache': 'MISS',
30 silly registry.get     'x-cache-hits': '0',
30 silly registry.get     'x-timer': 'S1419045550.532672,VS0,VE1039',
30 silly registry.get     vary: 'Accept',
30 silly registry.get     'keep-alive': 'timeout=10, max=50',
30 silly registry.get     connection: 'Keep-Alive' } ]
31 silly lockFile f82f3cee-hapi-server hapi-server@
32 silly lockFile f82f3cee-hapi-server hapi-server@
33 error 404 Not Found
33 error 404
33 error 404 'hapi-server' is not in the npm registry.
33 error 404 You should bug the author to publish it
33 error 404 It was specified as a dependency of 'Skillender'
33 error 404
33 error 404 Note that you can also install from a
33 error 404 tarball, folder, or http url, or git url.
34 error System Linux 3.13.0-40-generic
35 error command "/usr/bin/node" "/usr/bin/npm" "install" "hapi-server"
36 error cwd /home/vishesh/NetBeansProjects/Skillender
37 error node -v v0.10.33
38 error npm -v 1.4.28
39 error code E404
40 verbose exit [ 1, true ]
